<?xml version="1.0" encoding="UTF-8"?>
<testng-results ignored="0" total="1" passed="1" failed="0" skipped="0">
  <reporter-output>
  </reporter-output>
  <suite started-at="2025-11-08T09:24:33 IST" name="Default suite" finished-at="2025-11-08T09:24:44 IST" duration-ms="11424">
    <groups>
    </groups>
    <test started-at="2025-11-08T09:24:33 IST" name="Default test" finished-at="2025-11-08T09:24:44 IST" duration-ms="11424">
      <class name="tests.DragAndDropElementToTarget">
        <test-method is-config="true" signature="setup()[pri:0, instance:tests.DragAndDropElementToTarget@368f2016]" started-at="2025-11-08T09:24:33 IST" name="setup" finished-at="2025-11-08T09:24:35 IST" duration-ms="2113" status="PASS">
          <reporter-output>
          </reporter-output>
        </test-method> <!-- setup -->
        <test-method signature="DrandAndDroptheElement()[pri:0, instance:tests.DragAndDropElementToTarget@368f2016]" started-at="2025-11-08T09:24:35 IST" name="DrandAndDroptheElement" finished-at="2025-11-08T09:24:44 IST" duration-ms="9179" status="PASS">
          <reporter-output>
          </reporter-output>
        </test-method> <!-- DrandAndDroptheElement -->
        <test-method is-config="true" signature="tearDown()[pri:0, instance:tests.DragAndDropElementToTarget@368f2016]" started-at="2025-11-08T09:24:44 IST" name="tearDown" finished-at="2025-11-08T09:24:44 IST" duration-ms="113" status="PASS">
          <reporter-output>
          </reporter-output>
        </test-method> <!-- tearDown -->
      </class> <!-- tests.DragAndDropElementToTarget -->
    </test> <!-- Default test -->
  </suite> <!-- Default suite -->
</testng-results>
